# JRE version: Java(TM) SE Runtime Environment (8.0_66-b18) (build 1.8.0_66-b18)
# Java VM: Java HotSpot(TM) 64-Bit Server VM (25.66-b18 mixed mode windows-amd64 compressed oops)
Heap:
 PSYoungGen      total 119808K, used 57390K [0x00000000e0980000, 0x00000000ea980000, 0x0000000100000000)
  eden space 88064K, 36% used [0x00000000e0980000,0x00000000e28ab7e0,0x00000000e5f80000)
  from space 31744K, 80% used [0x00000000e8880000,0x00000000ea160250,0x00000000ea780000)
  to   space 37888K, 0% used [0x00000000e5f80000,0x00000000e5f80000,0x00000000e8480000)
 ParOldGen       total 101376K, used 23576K [0x00000000a1c00000, 0x00000000a7f00000, 0x00000000e0980000)
  object space 101376K, 23% used [0x00000000a1c00000,0x00000000a3306070,0x00000000a7f00000)
 Metaspace       used 15894K, capacity 16182K, committed 16384K, reserved 1062912K
  class space    used 1882K, capacity 1968K, committed 2048K, reserved 1048576K
GC Heap History (10 events):
Event: 60.546 GC heap before
{Heap before GC invocations=4 (full 1):
 PSYoungGen      total 28672K, used 3402K [0x00000000e0980000, 0x00000000e4180000, 0x0000000100000000)
  eden space 24576K, 0% used [0x00000000e0980000,0x00000000e0980000,0x00000000e2180000)
  from space 4096K, 83% used [0x00000000e2180000,0x00000000e24d2ad8,0x00000000e2580000)
  to   space 4096K, 0% used [0x00000000e3d80000,0x00000000e3d80000,0x00000000e4180000)
 ParOldGen       total 65536K, used 62839K [0x00000000a1c00000, 0x00000000a5c00000, 0x00000000e0980000)
  object space 65536K, 95% used [0x00000000a1c00000,0x00000000a595dda8,0x00000000a5c00000)
 Metaspace       used 15762K, capacity 15990K, committed 16128K, reserved 1062912K
  class space    used 1871K, capacity 1968K, committed 2048K, reserved 1048576K
Event: 60.565 GC heap after
Heap after GC invocations=4 (full 1):
 PSYoungGen      total 28672K, used 0K [0x00000000e0980000, 0x00000000e4180000, 0x0000000100000000)
  eden space 24576K, 0% used [0x00000000e0980000,0x00000000e0980000,0x00000000e2180000)
  from space 4096K, 0% used [0x00000000e2180000,0x00000000e2180000,0x00000000e2580000)
  to   space 4096K, 0% used [0x00000000e3d80000,0x00000000e3d80000,0x00000000e4180000)
 ParOldGen       total 97792K, used 24513K [0x00000000a1c00000, 0x00000000a7b80000, 0x00000000e0980000)
  object space 97792K, 25% used [0x00000000a1c00000,0x00000000a33f0448,0x00000000a7b80000)
 Metaspace       used 15762K, capacity 15990K, committed 16128K, reserved 1062912K
  class space    used 1871K, capacity 1968K, committed 2048K, reserved 1048576K
}
Event: 60.595 GC heap before
{Heap before GC invocations=5 (full 1):
 PSYoungGen      total 28672K, used 24576K [0x00000000e0980000, 0x00000000e4180000, 0x0000000100000000)
  eden space 24576K, 100% used [0x00000000e0980000,0x00000000e2180000,0x00000000e2180000)
  from space 4096K, 0% used [0x00000000e2180000,0x00000000e2180000,0x00000000e2580000)
  to   space 4096K, 0% used [0x00000000e3d80000,0x00000000e3d80000,0x00000000e4180000)
 ParOldGen       total 97792K, used 24513K [0x00000000a1c00000, 0x00000000a7b80000, 0x00000000e0980000)
  object space 97792K, 25% used [0x00000000a1c00000,0x00000000a33f0448,0x00000000a7b80000)
 Metaspace       used 15762K, capacity 15990K, committed 16128K, reserved 1062912K
  class space    used 1871K, capacity 1968K, committed 2048K, reserved 1048576K
Event: 60.596 GC heap after
Heap after GC invocations=5 (full 1):
 PSYoungGen      total 53248K, used 0K [0x00000000e0980000, 0x00000000e4180000, 0x0000000100000000)
  eden space 49152K, 0% used [0x00000000e0980000,0x00000000e0980000,0x00000000e3980000)
  from space 4096K, 0% used [0x00000000e3d80000,0x00000000e3d80000,0x00000000e4180000)
  to   space 4096K, 0% used [0x00000000e3980000,0x00000000e3980000,0x00000000e3d80000)
 ParOldGen       total 97792K, used 24513K [0x00000000a1c00000, 0x00000000a7b80000, 0x00000000e0980000)
  object space 97792K, 25% used [0x00000000a1c00000,0x00000000a33f0448,0x00000000a7b80000)
 Metaspace       used 15762K, capacity 15990K, committed 16128K, reserved 1062912K
  class space    used 1871K, capacity 1968K, committed 2048K, reserved 1048576K
}
Event: 61.577 GC heap before
{Heap before GC invocations=6 (full 1):
 PSYoungGen      total 53248K, used 49152K [0x00000000e0980000, 0x00000000e4180000, 0x0000000100000000)
  eden space 49152K, 100% used [0x00000000e0980000,0x00000000e3980000,0x00000000e3980000)
  from space 4096K, 0% used [0x00000000e3d80000,0x00000000e3d80000,0x00000000e4180000)
  to   space 4096K, 0% used [0x00000000e3980000,0x00000000e3980000,0x00000000e3d80000)
 ParOldGen       total 97792K, used 24513K [0x00000000a1c00000, 0x00000000a7b80000, 0x00000000e0980000)
  object space 97792K, 25% used [0x00000000a1c00000,0x00000000a33f0448,0x00000000a7b80000)
 Metaspace       used 15787K, capacity 16054K, committed 16384K, reserved 1062912K
  class space    used 1878K, capacity 1968K, committed 2048K, reserved 1048576K
Event: 61.581 GC heap after
Heap after GC invocations=6 (full 1):
 PSYoungGen      total 53248K, used 160K [0x00000000e0980000, 0x00000000ea780000, 0x0000000100000000)
  eden space 49152K, 0% used [0x00000000e0980000,0x00000000e0980000,0x00000000e3980000)
  from space 4096K, 3% used [0x00000000e3980000,0x00000000e39a8000,0x00000000e3d80000)
  to   space 31744K, 0% used [0x00000000e8880000,0x00000000e8880000,0x00000000ea780000)
 ParOldGen       total 97792K, used 54888K [0x00000000a1c00000, 0x00000000a7b80000, 0x00000000e0980000)
  object space 97792K, 56% used [0x00000000a1c00000,0x00000000a519a0a8,0x00000000a7b80000)
 Metaspace       used 15787K, capacity 16054K, committed 16384K, reserved 1062912K
  class space    used 1878K, capacity 1968K, committed 2048K, reserved 1048576K
}
Event: 61.581 GC heap before
{Heap before GC invocations=7 (full 2):
 PSYoungGen      total 53248K, used 160K [0x00000000e0980000, 0x00000000ea780000, 0x0000000100000000)
  eden space 49152K, 0% used [0x00000000e0980000,0x00000000e0980000,0x00000000e3980000)
  from space 4096K, 3% used [0x00000000e3980000,0x00000000e39a8000,0x00000000e3d80000)
  to   space 31744K, 0% used [0x00000000e8880000,0x00000000e8880000,0x00000000ea780000)
 ParOldGen       total 97792K, used 54888K [0x00000000a1c00000, 0x00000000a7b80000, 0x00000000e0980000)
  object space 97792K, 56% used [0x00000000a1c00000,0x00000000a519a0a8,0x00000000a7b80000)
 Metaspace       used 15787K, capacity 16054K, committed 16384K, reserved 1062912K
  class space    used 1878K, capacity 1968K, committed 2048K, reserved 1048576K
Event: 61.596 GC heap after
Heap after GC invocations=7 (full 2):
 PSYoungGen      total 53248K, used 0K [0x00000000e0980000, 0x00000000ea780000, 0x0000000100000000)
  eden space 49152K, 0% used [0x00000000e0980000,0x00000000e0980000,0x00000000e3980000)
  from space 4096K, 0% used [0x00000000e3980000,0x00000000e3980000,0x00000000e3d80000)
  to   space 31744K, 0% used [0x00000000e8880000,0x00000000e8880000,0x00000000ea780000)
 ParOldGen       total 101376K, used 23576K [0x00000000a1c00000, 0x00000000a7f00000, 0x00000000e0980000)
  object space 101376K, 23% used [0x00000000a1c00000,0x00000000a3306070,0x00000000a7f00000)
 Metaspace       used 15787K, capacity 16054K, committed 16384K, reserved 1062912K
  class space    used 1878K, capacity 1968K, committed 2048K, reserved 1048576K
}
Event: 62.531 GC heap before
{Heap before GC invocations=8 (full 2):
 PSYoungGen      total 53248K, used 49152K [0x00000000e0980000, 0x00000000ea780000, 0x0000000100000000)
  eden space 49152K, 100% used [0x00000000e0980000,0x00000000e3980000,0x00000000e3980000)
  from space 4096K, 0% used [0x00000000e3980000,0x00000000e3980000,0x00000000e3d80000)
  to   space 31744K, 0% used [0x00000000e8880000,0x00000000e8880000,0x00000000ea780000)
 ParOldGen       total 101376K, used 23576K [0x00000000a1c00000, 0x00000000a7f00000, 0x00000000e0980000)
  object space 101376K, 23% used [0x00000000a1c00000,0x00000000a3306070,0x00000000a7f00000)
 Metaspace       used 15788K, capacity 16054K, committed 16384K, reserved 1062912K
  class space    used 1878K, capacity 1968K, committed 2048K, reserved 1048576K
Event: 62.540 GC heap after
Heap after GC invocations=8 (full 2):
 PSYoungGen      total 119808K, used 25472K [0x00000000e0980000, 0x00000000ea980000, 0x0000000100000000)
  eden space 88064K, 0% used [0x00000000e0980000,0x00000000e0980000,0x00000000e5f80000)
  from space 31744K, 80% used [0x00000000e8880000,0x00000000ea160250,0x00000000ea780000)
  to   space 37888K, 0% used [0x00000000e5f80000,0x00000000e5f80000,0x00000000e8480000)
 ParOldGen       total 101376K, used 23576K [0x00000000a1c00000, 0x00000000a7f00000, 0x00000000e0980000)
  object space 101376K, 23% used [0x00000000a1c00000,0x00000000a3306070,0x00000000a7f00000)
 Metaspace       used 15788K, capacity 16054K, committed 16384K, reserved 1062912K
  class space    used 1878K, capacity 1968K, committed 2048K, reserved 1048576K
}

