# JRE version: Java(TM) SE Runtime Environment (8.0_66-b18) (build 1.8.0_66-b18)
# Java VM: Java HotSpot(TM) 64-Bit Server VM (25.66-b18 mixed mode windows-amd64 compressed oops)
Heap:
 PSYoungGen      total 123392K, used 61763K [0x00000000e0980000, 0x00000000ec880000, 0x0000000100000000)
  eden space 82432K, 56% used [0x00000000e0980000,0x00000000e36e4108,0x00000000e5a00000)
  from space 40960K, 37% used [0x00000000e5a00000,0x00000000e68ece30,0x00000000e8200000)
  to   space 43008K, 0% used [0x00000000e9e80000,0x00000000e9e80000,0x00000000ec880000)
 ParOldGen       total 95744K, used 23690K [0x00000000a1c00000, 0x00000000a7980000, 0x00000000e0980000)
  object space 95744K, 24% used [0x00000000a1c00000,0x00000000a3322bf0,0x00000000a7980000)
 Metaspace       used 15701K, capacity 15930K, committed 16128K, reserved 1062912K
  class space    used 1882K, capacity 1968K, committed 2048K, reserved 1048576K
GC Heap History (10 events):
Event: 98.905 GC heap before
{Heap before GC invocations=9 (full 2):
 PSYoungGen      total 114688K, used 110843K [0x00000000e0980000, 0x00000000eaa00000, 0x0000000100000000)
  eden space 82432K, 97% used [0x00000000e0980000,0x00000000e57ed1b0,0x00000000e5a00000)
  from space 32256K, 94% used [0x00000000e8880000,0x00000000ea651c60,0x00000000ea800000)
  to   space 40960K, 0% used [0x00000000e5a00000,0x00000000e5a00000,0x00000000e8200000)
 ParOldGen       total 95744K, used 23570K [0x00000000a1c00000, 0x00000000a7980000, 0x00000000e0980000)
  object space 95744K, 24% used [0x00000000a1c00000,0x00000000a3304bf0,0x00000000a7980000)
 Metaspace       used 15696K, capacity 15930K, committed 16128K, reserved 1062912K
  class space    used 1882K, capacity 1968K, committed 2048K, reserved 1048576K
Event: 98.910 GC heap after
Heap after GC invocations=9 (full 2):
 PSYoungGen      total 123392K, used 15379K [0x00000000e0980000, 0x00000000eaa00000, 0x0000000100000000)
  eden space 82432K, 0% used [0x00000000e0980000,0x00000000e0980000,0x00000000e5a00000)
  from space 40960K, 37% used [0x00000000e5a00000,0x00000000e6904e30,0x00000000e8200000)
  to   space 32256K, 0% used [0x00000000e8880000,0x00000000e8880000,0x00000000ea800000)
 ParOldGen       total 95744K, used 23570K [0x00000000a1c00000, 0x00000000a7980000, 0x00000000e0980000)
  object space 95744K, 24% used [0x00000000a1c00000,0x00000000a3304bf0,0x00000000a7980000)
 Metaspace       used 15696K, capacity 15930K, committed 16128K, reserved 1062912K
  class space    used 1882K, capacity 1968K, committed 2048K, reserved 1048576K
}
Event: 99.695 GC heap before
{Heap before GC invocations=10 (full 2):
 PSYoungGen      total 123392K, used 97811K [0x00000000e0980000, 0x00000000eaa00000, 0x0000000100000000)
  eden space 82432K, 100% used [0x00000000e0980000,0x00000000e5a00000,0x00000000e5a00000)
  from space 40960K, 37% used [0x00000000e5a00000,0x00000000e6904e30,0x00000000e8200000)
  to   space 32256K, 0% used [0x00000000e8880000,0x00000000e8880000,0x00000000ea800000)
 ParOldGen       total 95744K, used 23570K [0x00000000a1c00000, 0x00000000a7980000, 0x00000000e0980000)
  object space 95744K, 24% used [0x00000000a1c00000,0x00000000a3304bf0,0x00000000a7980000)
 Metaspace       used 15700K, capacity 15930K, committed 16128K, reserved 1062912K
  class space    used 1882K, capacity 1968K, committed 2048K, reserved 1048576K
Event: 99.700 GC heap after
Heap after GC invocations=10 (full 2):
 PSYoungGen      total 114688K, used 30567K [0x00000000e0980000, 0x00000000eaa00000, 0x0000000100000000)
  eden space 82432K, 0% used [0x00000000e0980000,0x00000000e0980000,0x00000000e5a00000)
  from space 32256K, 94% used [0x00000000e8880000,0x00000000ea659c60,0x00000000ea800000)
  to   space 40960K, 0% used [0x00000000e5a00000,0x00000000e5a00000,0x00000000e8200000)
 ParOldGen       total 95744K, used 23570K [0x00000000a1c00000, 0x00000000a7980000, 0x00000000e0980000)
  object space 95744K, 24% used [0x00000000a1c00000,0x00000000a3304bf0,0x00000000a7980000)
 Metaspace       used 15700K, capacity 15930K, committed 16128K, reserved 1062912K
  class space    used 1882K, capacity 1968K, committed 2048K, reserved 1048576K
}
Event: 100.143 GC heap before
{Heap before GC invocations=11 (full 2):
 PSYoungGen      total 114688K, used 112999K [0x00000000e0980000, 0x00000000eaa00000, 0x0000000100000000)
  eden space 82432K, 100% used [0x00000000e0980000,0x00000000e5a00000,0x00000000e5a00000)
  from space 32256K, 94% used [0x00000000e8880000,0x00000000ea659c60,0x00000000ea800000)
  to   space 40960K, 0% used [0x00000000e5a00000,0x00000000e5a00000,0x00000000e8200000)
 ParOldGen       total 95744K, used 23570K [0x00000000a1c00000, 0x00000000a7980000, 0x00000000e0980000)
  object space 95744K, 24% used [0x00000000a1c00000,0x00000000a3304bf0,0x00000000a7980000)
 Metaspace       used 15701K, capacity 15930K, committed 16128K, reserved 1062912K
  class space    used 1882K, capacity 1968K, committed 2048K, reserved 1048576K
Event: 100.149 GC heap after
Heap after GC invocations=11 (full 2):
 PSYoungGen      total 123392K, used 30567K [0x00000000e0980000, 0x00000000eaa00000, 0x0000000100000000)
  eden space 82432K, 0% used [0x00000000e0980000,0x00000000e0980000,0x00000000e5a00000)
  from space 40960K, 74% used [0x00000000e5a00000,0x00000000e77d9c60,0x00000000e8200000)
  to   space 32256K, 0% used [0x00000000e8880000,0x00000000e8880000,0x00000000ea800000)
 ParOldGen       total 95744K, used 23594K [0x00000000a1c00000, 0x00000000a7980000, 0x00000000e0980000)
  object space 95744K, 24% used [0x00000000a1c00000,0x00000000a330abf0,0x00000000a7980000)
 Metaspace       used 15701K, capacity 15930K, committed 16128K, reserved 1062912K
  class space    used 1882K, capacity 1968K, committed 2048K, reserved 1048576K
}
Event: 100.945 GC heap before
{Heap before GC invocations=12 (full 2):
 PSYoungGen      total 123392K, used 112999K [0x00000000e0980000, 0x00000000eaa00000, 0x0000000100000000)
  eden space 82432K, 100% used [0x00000000e0980000,0x00000000e5a00000,0x00000000e5a00000)
  from space 40960K, 74% used [0x00000000e5a00000,0x00000000e77d9c60,0x00000000e8200000)
  to   space 32256K, 0% used [0x00000000e8880000,0x00000000e8880000,0x00000000ea800000)
 ParOldGen       total 95744K, used 23594K [0x00000000a1c00000, 0x00000000a7980000, 0x00000000e0980000)
  object space 95744K, 24% used [0x00000000a1c00000,0x00000000a330abf0,0x00000000a7980000)
 Metaspace       used 15701K, capacity 15930K, committed 16128K, reserved 1062912K
  class space    used 1882K, capacity 1968K, committed 2048K, reserved 1048576K
Event: 100.949 GC heap after
Heap after GC invocations=12 (full 2):
 PSYoungGen      total 114688K, used 20378K [0x00000000e0980000, 0x00000000eaa00000, 0x0000000100000000)
  eden space 82432K, 0% used [0x00000000e0980000,0x00000000e0980000,0x00000000e5a00000)
  from space 32256K, 63% used [0x00000000e8880000,0x00000000e9c66840,0x00000000ea800000)
  to   space 40960K, 0% used [0x00000000e5a00000,0x00000000e5a00000,0x00000000e8200000)
 ParOldGen       total 95744K, used 23682K [0x00000000a1c00000, 0x00000000a7980000, 0x00000000e0980000)
  object space 95744K, 24% used [0x00000000a1c00000,0x00000000a3320bf0,0x00000000a7980000)
 Metaspace       used 15701K, capacity 15930K, committed 16128K, reserved 1062912K
  class space    used 1882K, capacity 1968K, committed 2048K, reserved 1048576K
}
Event: 101.689 GC heap before
{Heap before GC invocations=13 (full 2):
 PSYoungGen      total 114688K, used 102554K [0x00000000e0980000, 0x00000000eaa00000, 0x0000000100000000)
  eden space 82432K, 99% used [0x00000000e0980000,0x00000000e59c0318,0x00000000e5a00000)
  from space 32256K, 63% used [0x00000000e8880000,0x00000000e9c66840,0x00000000ea800000)
  to   space 40960K, 0% used [0x00000000e5a00000,0x00000000e5a00000,0x00000000e8200000)
 ParOldGen       total 95744K, used 23682K [0x00000000a1c00000, 0x00000000a7980000, 0x00000000e0980000)
  object space 95744K, 24% used [0x00000000a1c00000,0x00000000a3320bf0,0x00000000a7980000)
 Metaspace       used 15701K, capacity 15930K, committed 16128K, reserved 1062912K
  class space    used 1882K, capacity 1968K, committed 2048K, reserved 1048576K
Event: 101.691 GC heap after
Heap after GC invocations=13 (full 2):
 PSYoungGen      total 123392K, used 15283K [0x00000000e0980000, 0x00000000ec880000, 0x0000000100000000)
  eden space 82432K, 0% used [0x00000000e0980000,0x00000000e0980000,0x00000000e5a00000)
  from space 40960K, 37% used [0x00000000e5a00000,0x00000000e68ece30,0x00000000e8200000)
  to   space 43008K, 0% used [0x00000000e9e80000,0x00000000e9e80000,0x00000000ec880000)
 ParOldGen       total 95744K, used 23690K [0x00000000a1c00000, 0x00000000a7980000, 0x00000000e0980000)
  object space 95744K, 24% used [0x00000000a1c00000,0x00000000a3322bf0,0x00000000a7980000)
 Metaspace       used 15701K, capacity 15930K, committed 16128K, reserved 1062912K
  class space    used 1882K, capacity 1968K, committed 2048K, reserved 1048576K
}

